# Logfile created on Sat Dec 17 21:13:02 -0500 2011 by logger.rb/99999
I, [2011-12-17T21:14:41.817000 #61311]  INFO -- : Starting to scrape the Washington Post
I, [2011-12-17T21:16:23.040000 #61315]  INFO -- : Starting to scrape the Washington Post
I, [2011-12-17T21:16:23.045000 #61315]  INFO -- :   Starting to Scrape
I, [2011-12-17T21:17:22.720000 #61317]  INFO -- : Starting to scrape the Washington Post
I, [2011-12-17T21:17:22.725000 #61317]  INFO -- :   Starting to Scrape
I, [2011-12-17T21:17:22.726000 #61317]  INFO -- :     Scraping with 1979-03-05
I, [2011-12-17T21:17:52.223000 #61318]  INFO -- : Starting to scrape the Washington Post
I, [2011-12-17T21:17:52.228000 #61318]  INFO -- :   Starting to Scrape
I, [2011-12-17T21:17:52.230000 #61318]  INFO -- :     Scraping with 1979-03-05
I, [2011-12-17T21:17:52.231000 #61318]  INFO -- :       about to build url
I, [2011-12-17T21:17:52.233000 #61318]  INFO -- :       fetch http://pqasb.pqarchiver.com/washingtonpost_historical/results.html?st=advanced&uid=&MAC=50a23aa1f3f5c6104e90e36051420d61&QryTxt=&sortby=CHRON&datetype=6&frommonth=3&fromday=5&fromyear=1979&tomonth=3&today=5&toyear=1979&By=&Title=&at_hist=article&at_hist=editorial_article
I, [2011-12-17T21:17:52.234000 #61318]  INFO -- :       from cache
I, [2011-12-17T21:17:52.235000 #61318]  INFO -- :       about to parse
I, [2011-12-17T21:17:52.500000 #61318]  INFO -- :     11 pages
I, [2011-12-17T21:17:52.500000 #61318]  INFO -- :     Page 0
I, [2011-12-17T21:17:52.501000 #61318]  INFO -- :       about to build url
I, [2011-12-17T21:17:52.503000 #61318]  INFO -- :       fetch http://pqasb.pqarchiver.com/washingtonpost_historical/results.html?st=advanced&uid=&MAC=50a23aa1f3f5c6104e90e36051420d61&QryTxt=&sortby=CHRON&datetype=6&frommonth=3&fromday=5&fromyear=1979&tomonth=3&today=5&toyear=1979&By=&Title=&at_hist=article&at_hist=editorial_article&start=0
I, [2011-12-17T21:17:52.504000 #61318]  INFO -- :       from cache
I, [2011-12-17T21:17:52.505000 #61318]  INFO -- :       about to parse
I, [2011-12-17T21:17:52.581000 #61318]  INFO -- :       Article http://pqasb.pqarchiver.com/washingtonpost_historical/access/135648052.html?FMT=ABS&FMTS=ABS:AI&type=historic&date=Mar+5%2C+1979&author=&pub=The+Washington+Post++(1974-Current+file)&edition=&startpage=A18&desc=Abuses+in+Equatorial+Guinea
I, [2011-12-17T21:17:52.582000 #61318]  INFO -- :       trying
I, [2011-12-17T21:17:52.582000 #61318]  INFO -- :       about to build url
I, [2011-12-17T21:17:52.583000 #61318]  INFO -- :       fetch http://pqasb.pqarchiver.comhttp://pqasb.pqarchiver.com/washingtonpost_historical/access/135648052.html?FMT=ABS&FMTS=ABS:AI&type=historic&date=Mar+5%2C+1979&author=&pub=The+Washington+Post++(1974-Current+file)&edition=&startpage=A18&desc=Abuses+in+Equatorial+Guinea?
I, [2011-12-17T21:17:52.584000 #61318]  INFO -- :       from interwebs
I, [2011-12-17T21:18:20.132000 #61320]  INFO -- : Starting to scrape the Washington Post
I, [2011-12-17T21:18:20.138000 #61320]  INFO -- :   Starting to Scrape
I, [2011-12-17T21:18:20.140000 #61320]  INFO -- :     Scraping with 1979-03-05
I, [2011-12-17T21:18:20.141000 #61320]  INFO -- :       about to build url
I, [2011-12-17T21:18:20.144000 #61320]  INFO -- :       fetch http://pqasb.pqarchiver.com/washingtonpost_historical/results.html?st=advanced&uid=&MAC=50a23aa1f3f5c6104e90e36051420d61&QryTxt=&sortby=CHRON&datetype=6&frommonth=3&fromday=5&fromyear=1979&tomonth=3&today=5&toyear=1979&By=&Title=&at_hist=article&at_hist=editorial_article
I, [2011-12-17T21:18:20.145000 #61320]  INFO -- :       from cache
I, [2011-12-17T21:18:20.146000 #61320]  INFO -- :       about to parse
I, [2011-12-17T21:18:20.411000 #61320]  INFO -- :     11 pages
I, [2011-12-17T21:18:20.412000 #61320]  INFO -- :     Page 0
I, [2011-12-17T21:18:20.412000 #61320]  INFO -- :       about to build url
I, [2011-12-17T21:18:20.415000 #61320]  INFO -- :       fetch http://pqasb.pqarchiver.com/washingtonpost_historical/results.html?st=advanced&uid=&MAC=50a23aa1f3f5c6104e90e36051420d61&QryTxt=&sortby=CHRON&datetype=6&frommonth=3&fromday=5&fromyear=1979&tomonth=3&today=5&toyear=1979&By=&Title=&at_hist=article&at_hist=editorial_article&start=0
I, [2011-12-17T21:18:20.416000 #61320]  INFO -- :       from cache
I, [2011-12-17T21:18:20.417000 #61320]  INFO -- :       about to parse
I, [2011-12-17T21:18:20.498000 #61320]  INFO -- :       Article http://pqasb.pqarchiver.com/washingtonpost_historical/access/135648052.html?FMT=ABS&FMTS=ABS:AI&type=historic&date=Mar+5%2C+1979&author=&pub=The+Washington+Post++(1974-Current+file)&edition=&startpage=A18&desc=Abuses+in+Equatorial+Guinea
I, [2011-12-17T21:18:20.499000 #61320]  INFO -- :       trying
I, [2011-12-17T21:18:20.500000 #61320]  INFO -- :       about to build url
I, [2011-12-17T21:18:20.501000 #61320]  INFO -- :       fetch http://pqasb.pqarchiver.comhttp://pqasb.pqarchiver.com/washingtonpost_historical/access/135648052.html?FMT=ABS&FMTS=ABS:AI&type=historic&date=Mar+5%2C+1979&author=&pub=The+Washington+Post++(1974-Current+file)&edition=&startpage=A18&desc=Abuses+in+Equatorial+Guinea?
I, [2011-12-17T21:18:20.502000 #61320]  INFO -- :       from interwebs
I, [2011-12-17T21:19:44.921000 #61321]  INFO -- : Starting to scrape the Washington Post
I, [2011-12-17T21:19:44.926000 #61321]  INFO -- :   Starting to Scrape
I, [2011-12-17T21:19:44.928000 #61321]  INFO -- :     Scraping with 1979-03-05
I, [2011-12-17T21:19:44.929000 #61321]  INFO -- :       about to build url
I, [2011-12-17T21:19:44.932000 #61321]  INFO -- :       fetch http://pqasb.pqarchiver.com/washingtonpost_historical/results.html?st=advanced&uid=&MAC=50a23aa1f3f5c6104e90e36051420d61&QryTxt=&sortby=CHRON&datetype=6&frommonth=3&fromday=5&fromyear=1979&tomonth=3&today=5&toyear=1979&By=&Title=&at_hist=article&at_hist=editorial_article
I, [2011-12-17T21:19:44.933000 #61321]  INFO -- :       from cache
I, [2011-12-17T21:19:44.934000 #61321]  INFO -- :       about to parse
I, [2011-12-17T21:19:45.183000 #61321]  INFO -- :     11 pages
I, [2011-12-17T21:19:45.184000 #61321]  INFO -- :     Page 0
I, [2011-12-17T21:19:45.184000 #61321]  INFO -- :       about to build url
I, [2011-12-17T21:19:45.187000 #61321]  INFO -- :       fetch http://pqasb.pqarchiver.com/washingtonpost_historical/results.html?st=advanced&uid=&MAC=50a23aa1f3f5c6104e90e36051420d61&QryTxt=&sortby=CHRON&datetype=6&frommonth=3&fromday=5&fromyear=1979&tomonth=3&today=5&toyear=1979&By=&Title=&at_hist=article&at_hist=editorial_article&start=0
I, [2011-12-17T21:19:45.188000 #61321]  INFO -- :       from cache
I, [2011-12-17T21:19:45.189000 #61321]  INFO -- :       about to parse
I, [2011-12-17T21:19:45.267000 #61321]  INFO -- :       Article http://pqasb.pqarchiver.com/washingtonpost_historical/access/135648052.html?FMT=ABS&FMTS=ABS:AI&type=historic&date=Mar+5%2C+1979&author=&pub=The+Washington+Post++(1974-Current+file)&edition=&startpage=A18&desc=Abuses+in+Equatorial+Guinea
I, [2011-12-17T21:19:45.269000 #61321]  INFO -- :       trying
I, [2011-12-17T21:19:45.270000 #61321]  INFO -- :       about to build url
I, [2011-12-17T21:19:45.272000 #61321]  INFO -- :       fetch http://pqasb.pqarchiver.com/washingtonpost_historical/access/135648052.html?FMT=ABS&FMTS=ABS:AI&type=historic&date=Mar+5%2C+1979&author=&pub=The+Washington+Post++(1974-Current+file)&edition=&startpage=A18&desc=Abuses+in+Equatorial+Guinea?
I, [2011-12-17T21:19:45.273000 #61321]  INFO -- :       from cache
I, [2011-12-17T21:19:45.275000 #61321]  INFO -- :       about to parse
I, [2011-12-17T21:19:45.301000 #61321]  INFO -- :       got it
I, [2011-12-17T21:19:45.790000 #61321]  INFO -- :       done
I, [2011-12-17T21:19:45.792000 #61321]  INFO -- :       Article http://pqasb.pqarchiver.com/washingtonpost_historical/access/135648132.html?FMT=ABS&FMTS=ABS:AI&type=historic&date=Mar+5%2C+1979&author=&pub=The+Washington+Post++(1974-Current+file)&edition=&startpage=A20&desc=A+Dubious+Remedy+for+FDA
I, [2011-12-17T21:19:45.793000 #61321]  INFO -- :       trying
I, [2011-12-17T21:19:45.794000 #61321]  INFO -- :       about to build url
I, [2011-12-17T21:19:45.794000 #61321]  INFO -- :       fetch http://pqasb.pqarchiver.com/washingtonpost_historical/access/135648132.html?FMT=ABS&FMTS=ABS:AI&type=historic&date=Mar+5%2C+1979&author=&pub=The+Washington+Post++(1974-Current+file)&edition=&startpage=A20&desc=A+Dubious+Remedy+for+FDA?
I, [2011-12-17T21:19:45.795000 #61321]  INFO -- :       from cache
I, [2011-12-17T21:19:45.797000 #61321]  INFO -- :       about to parse
I, [2011-12-17T21:19:45.820000 #61321]  INFO -- :       got it
I, [2011-12-17T21:19:46.015000 #61321]  INFO -- :       done
I, [2011-12-17T21:19:46.016000 #61321]  INFO -- :       Article http://pqasb.pqarchiver.com/washingtonpost_historical/access/135649462.html?FMT=CITE&FMTS=CITE:AI&type=historic&date=Mar+5%2C+1979&author=&pub=The+Washington+Post++(1974-Current+file)&edition=&startpage=D7&desc=Affirmed+Sets+Track+Record
I, [2011-12-17T21:19:46.017000 #61321]  INFO -- :       trying
I, [2011-12-17T21:19:46.018000 #61321]  INFO -- :       about to build url
I, [2011-12-17T21:19:46.019000 #61321]  INFO -- :       fetch http://pqasb.pqarchiver.com/washingtonpost_historical/access/135649462.html?FMT=CITE&FMTS=CITE:AI&type=historic&date=Mar+5%2C+1979&author=&pub=The+Washington+Post++(1974-Current+file)&edition=&startpage=D7&desc=Affirmed+Sets+Track+Record?
I, [2011-12-17T21:19:46.020000 #61321]  INFO -- :       from cache
I, [2011-12-17T21:19:46.022000 #61321]  INFO -- :       about to parse
I, [2011-12-17T21:19:46.040000 #61321]  INFO -- :       got it
I, [2011-12-17T21:19:46.172000 #61321]  INFO -- :       done
I, [2011-12-17T21:19:46.173000 #61321]  INFO -- :       Article http://pqasb.pqarchiver.com/washingtonpost_historical/access/135648252.html?FMT=ABS&FMTS=ABS&type=historic&date=Mar+5%2C+1979&author=Rowland+Evans+and+Robert+Novak&pub=The+Washington+Post+(1974-Current+file)&edition=&startpage=A21&desc=%27A+Kind+of+Diplomatic+Masochism%27
I, [2011-12-17T21:19:46.174000 #61321]  INFO -- :       trying
I, [2011-12-17T21:19:46.175000 #61321]  INFO -- :       about to build url
I, [2011-12-17T21:19:46.176000 #61321]  INFO -- :       fetch http://pqasb.pqarchiver.com/washingtonpost_historical/access/135648252.html?FMT=ABS&FMTS=ABS&type=historic&date=Mar+5%2C+1979&author=Rowland+Evans+and+Robert+Novak&pub=The+Washington+Post+(1974-Current+file)&edition=&startpage=A21&desc=%27A+Kind+of+Diplomatic+Masochism%27?
I, [2011-12-17T21:19:46.177000 #61321]  INFO -- :       from cache
I, [2011-12-17T21:19:46.179000 #61321]  INFO -- :       about to parse
I, [2011-12-17T21:19:46.196000 #61321]  INFO -- :       got it
I, [2011-12-17T21:19:46.353000 #61321]  INFO -- :       done
I, [2011-12-17T21:19:46.355000 #61321]  INFO -- :       Article http://pqasb.pqarchiver.com/washingtonpost_historical/access/135648042.html?FMT=ABS&FMTS=ABS:AI&type=historic&date=Mar+5%2C+1979&author=&pub=The+Washington+Post++(1974-Current+file)&edition=&startpage=A18&desc=American+Killed+in+Nicaragua
I, [2011-12-17T21:19:46.356000 #61321]  INFO -- :       trying
I, [2011-12-17T21:19:46.357000 #61321]  INFO -- :       about to build url
I, [2011-12-17T21:19:46.358000 #61321]  INFO -- :       fetch http://pqasb.pqarchiver.com/washingtonpost_historical/access/135648042.html?FMT=ABS&FMTS=ABS:AI&type=historic&date=Mar+5%2C+1979&author=&pub=The+Washington+Post++(1974-Current+file)&edition=&startpage=A18&desc=American+Killed+in+Nicaragua?
I, [2011-12-17T21:19:46.376000 #61321]  INFO -- :       from cache
I, [2011-12-17T21:19:46.408000 #61321]  INFO -- :       about to parse
I, [2011-12-17T21:19:46.427000 #61321]  INFO -- :       got it
I, [2011-12-17T21:19:46.572000 #61321]  INFO -- :       done
I, [2011-12-17T21:19:46.573000 #61321]  INFO -- :       Article http://pqasb.pqarchiver.com/washingtonpost_historical/access/135648072.html?FMT=ABS&FMTS=ABS:AI&type=historic&date=Mar+5%2C+1979&author=&pub=The+Washington+Post+(1974-Current+file)&edition=&startpage=A18&desc=Amin+Praises+Wife%27s+Skill
I, [2011-12-17T21:19:46.573000 #61321]  INFO -- :       trying
I, [2011-12-17T21:19:46.574000 #61321]  INFO -- :       about to build url
I, [2011-12-17T21:19:46.575000 #61321]  INFO -- :       fetch http://pqasb.pqarchiver.com/washingtonpost_historical/access/135648072.html?FMT=ABS&FMTS=ABS:AI&type=historic&date=Mar+5%2C+1979&author=&pub=The+Washington+Post+(1974-Current+file)&edition=&startpage=A18&desc=Amin+Praises+Wife%27s+Skill?
I, [2011-12-17T21:19:46.576000 #61321]  INFO -- :       from cache
I, [2011-12-17T21:19:46.578000 #61321]  INFO -- :       about to parse
I, [2011-12-17T21:19:46.595000 #61321]  INFO -- :       got it
I, [2011-12-17T21:19:46.713000 #61321]  INFO -- :       done
I, [2011-12-17T21:19:46.714000 #61321]  INFO -- :       Article http://pqasb.pqarchiver.com/washingtonpost_historical/access/135648242.html?FMT=ABS&FMTS=ABS&type=historic&date=Mar+5%2C+1979&author=Neal+R.+Peirce&pub=The+Washington+Post+(1974-Current+file)&edition=&startpage=A21&desc=A+Novel+Experiment+In+Energy+Boom+Towns
I, [2011-12-17T21:19:46.714000 #61321]  INFO -- :       trying
I, [2011-12-17T21:19:46.715000 #61321]  INFO -- :       about to build url
I, [2011-12-17T21:19:46.716000 #61321]  INFO -- :       fetch http://pqasb.pqarchiver.com/washingtonpost_historical/access/135648242.html?FMT=ABS&FMTS=ABS&type=historic&date=Mar+5%2C+1979&author=Neal+R.+Peirce&pub=The+Washington+Post+(1974-Current+file)&edition=&startpage=A21&desc=A+Novel+Experiment+In+Energy+Boom+Towns?
I, [2011-12-17T21:19:46.717000 #61321]  INFO -- :       from cache
I, [2011-12-17T21:19:46.719000 #61321]  INFO -- :       about to parse
I, [2011-12-17T21:19:46.735000 #61321]  INFO -- :       got it
I, [2011-12-17T21:19:46.865000 #61321]  INFO -- :       done
I, [2011-12-17T21:19:46.866000 #61321]  INFO -- :       Article http://pqasb.pqarchiver.com/washingtonpost_historical/access/135648062.html?FMT=ABS&FMTS=ABS:AI&type=historic&date=Mar+5%2C+1979&author=&pub=The+Washington+Post+(1974-Current+file)&edition=&startpage=A18&desc=Arabs+Discuss+Yemen
I, [2011-12-17T21:19:46.866000 #61321]  INFO -- :       trying
I, [2011-12-17T21:19:46.867000 #61321]  INFO -- :       about to build url
I, [2011-12-17T21:19:46.868000 #61321]  INFO -- :       fetch http://pqasb.pqarchiver.com/washingtonpost_historical/access/135648062.html?FMT=ABS&FMTS=ABS:AI&type=historic&date=Mar+5%2C+1979&author=&pub=The+Washington+Post+(1974-Current+file)&edition=&startpage=A18&desc=Arabs+Discuss+Yemen?
I, [2011-12-17T21:19:46.868000 #61321]  INFO -- :       from cache
I, [2011-12-17T21:19:46.870000 #61321]  INFO -- :       about to parse
I, [2011-12-17T21:19:46.881000 #61321]  INFO -- :       got it
I, [2011-12-17T21:19:47.008000 #61321]  INFO -- :       done
I, [2011-12-17T21:19:47.009000 #61321]  INFO -- :       Article http://pqasb.pqarchiver.com/washingtonpost_historical/access/135647692.html?FMT=ABS&FMTS=ABS:AI&type=historic&date=Mar+5%2C+1979&author=By+Martin+Weil+Washington+Post+Staff+Writer&pub=The+Washington+Post+(1974-Current+file)&edition=&startpage=A3&desc=2+Area+Men+Solidify+Hydrogen%3B+Could+Lead+to+Cheap+Energy
I, [2011-12-17T21:19:47.010000 #61321]  INFO -- :       trying
I, [2011-12-17T21:19:47.011000 #61321]  INFO -- :       about to build url
I, [2011-12-17T21:19:47.012000 #61321]  INFO -- :       fetch http://pqasb.pqarchiver.com/washingtonpost_historical/access/135647692.html?FMT=ABS&FMTS=ABS:AI&type=historic&date=Mar+5%2C+1979&author=By+Martin+Weil+Washington+Post+Staff+Writer&pub=The+Washington+Post+(1974-Current+file)&edition=&startpage=A3&desc=2+Area+Men+Solidify+Hydrogen%3B+Could+Lead+to+Cheap+Energy?
I, [2011-12-17T21:19:47.013000 #61321]  INFO -- :       from cache
I, [2011-12-17T21:19:47.014000 #61321]  INFO -- :       about to parse
I, [2011-12-17T21:19:47.026000 #61321]  INFO -- :       got it
I, [2011-12-17T21:19:47.152000 #61321]  INFO -- :       done
I, [2011-12-17T21:19:47.152000 #61321]  INFO -- :       Article http://pqasb.pqarchiver.com/washingtonpost_historical/access/135648832.html?FMT=ABS&FMTS=ABS:AI&type=historic&date=Mar+5%2C+1979&author=&pub=The+Washington+Post+(1974-Current+file)&edition=&startpage=C4&desc=Artist+Founded+School%2C+Displayed+Work+at+Capitol
I, [2011-12-17T21:19:47.153000 #61321]  INFO -- :       trying
I, [2011-12-17T21:19:47.154000 #61321]  INFO -- :       about to build url
I, [2011-12-17T21:19:47.154000 #61321]  INFO -- :       fetch http://pqasb.pqarchiver.com/washingtonpost_historical/access/135648832.html?FMT=ABS&FMTS=ABS:AI&type=historic&date=Mar+5%2C+1979&author=&pub=The+Washington+Post+(1974-Current+file)&edition=&startpage=C4&desc=Artist+Founded+School%2C+Displayed+Work+at+Capitol?
I, [2011-12-17T21:19:47.155000 #61321]  INFO -- :       from interwebs
I, [2011-12-17T21:19:48.997000 #61321]  INFO -- :       fetched
I, [2011-12-17T21:19:48.999000 #61321]  INFO -- :       got contents
I, [2011-12-17T21:19:49.001000 #61321]  INFO -- :       about to parse
I, [2011-12-17T21:19:49.016000 #61321]  INFO -- :       got it
I, [2011-12-17T21:19:49.150000 #61321]  INFO -- :       done
I, [2011-12-17T21:19:49.151000 #61321]  INFO -- :     Page 1
I, [2011-12-17T21:19:49.151000 #61321]  INFO -- :       about to build url
I, [2011-12-17T21:19:49.160000 #61321]  INFO -- :       fetch http://pqasb.pqarchiver.com/washingtonpost_historical/access/135648832.html?FMT=ABS&FMTS=ABS:AI&type=historic&date=Mar+5%2C+1979&author=&pub=The+Washington+Post+(1974-Current+file)&edition=&startpage=C4&desc=Artist+Founded+School%2C+Displayed+Work+at+Capitol?st=advanced&uid=&MAC=50a23aa1f3f5c6104e90e36051420d61&QryTxt=&sortby=CHRON&datetype=6&frommonth=3&fromday=5&fromyear=1979&tomonth=3&today=5&toyear=1979&By=&Title=&at_hist=article&at_hist=editorial_article&start=10
I, [2011-12-17T21:19:49.161000 #61321]  INFO -- :       from interwebs
I, [2011-12-17T21:19:50.398000 #61321]  INFO -- :       fetched
I, [2011-12-17T21:19:50.399000 #61321]  INFO -- :       got contents
I, [2011-12-17T21:19:50.400000 #61321]  INFO -- :       about to parse
I, [2011-12-17T21:19:50.412000 #61321]  INFO -- :     Page 2
I, [2011-12-17T21:19:50.412000 #61321]  INFO -- :       about to build url
I, [2011-12-17T21:19:50.418000 #61321]  INFO -- :       fetch http://pqasb.pqarchiver.com/washingtonpost_historical/access/135648832.html?FMT=ABS&FMTS=ABS:AI&type=historic&date=Mar+5%2C+1979&author=&pub=The+Washington+Post+(1974-Current+file)&edition=&startpage=C4&desc=Artist+Founded+School%2C+Displayed+Work+at+Capitol?st=advanced&uid=&MAC=50a23aa1f3f5c6104e90e36051420d61&QryTxt=&sortby=CHRON&datetype=6&frommonth=3&fromday=5&fromyear=1979&tomonth=3&today=5&toyear=1979&By=&Title=&at_hist=article&at_hist=editorial_article&start=20
I, [2011-12-17T21:19:50.420000 #61321]  INFO -- :       from interwebs
I, [2011-12-17T21:19:51.736000 #61321]  INFO -- :       fetched
I, [2011-12-17T21:19:51.737000 #61321]  INFO -- :       got contents
I, [2011-12-17T21:19:51.738000 #61321]  INFO -- :       about to parse
I, [2011-12-17T21:19:51.752000 #61321]  INFO -- :     Page 3
I, [2011-12-17T21:19:51.753000 #61321]  INFO -- :       about to build url
I, [2011-12-17T21:19:51.754000 #61321]  INFO -- :       fetch http://pqasb.pqarchiver.com/washingtonpost_historical/access/135648832.html?FMT=ABS&FMTS=ABS:AI&type=historic&date=Mar+5%2C+1979&author=&pub=The+Washington+Post+(1974-Current+file)&edition=&startpage=C4&desc=Artist+Founded+School%2C+Displayed+Work+at+Capitol?st=advanced&uid=&MAC=50a23aa1f3f5c6104e90e36051420d61&QryTxt=&sortby=CHRON&datetype=6&frommonth=3&fromday=5&fromyear=1979&tomonth=3&today=5&toyear=1979&By=&Title=&at_hist=article&at_hist=editorial_article&start=30
I, [2011-12-17T21:19:51.755000 #61321]  INFO -- :       from interwebs
I, [2011-12-17T21:19:52.968000 #61321]  INFO -- :       fetched
I, [2011-12-17T21:19:52.968000 #61321]  INFO -- :       got contents
I, [2011-12-17T21:19:52.969000 #61321]  INFO -- :       about to parse
I, [2011-12-17T21:19:52.981000 #61321]  INFO -- :     Page 4
I, [2011-12-17T21:19:52.982000 #61321]  INFO -- :       about to build url
I, [2011-12-17T21:19:52.983000 #61321]  INFO -- :       fetch http://pqasb.pqarchiver.com/washingtonpost_historical/access/135648832.html?FMT=ABS&FMTS=ABS:AI&type=historic&date=Mar+5%2C+1979&author=&pub=The+Washington+Post+(1974-Current+file)&edition=&startpage=C4&desc=Artist+Founded+School%2C+Displayed+Work+at+Capitol?st=advanced&uid=&MAC=50a23aa1f3f5c6104e90e36051420d61&QryTxt=&sortby=CHRON&datetype=6&frommonth=3&fromday=5&fromyear=1979&tomonth=3&today=5&toyear=1979&By=&Title=&at_hist=article&at_hist=editorial_article&start=40
I, [2011-12-17T21:19:52.984000 #61321]  INFO -- :       from interwebs
I, [2011-12-17T21:22:35.592000 #61351]  INFO -- : Starting to scrape the Washington Post
I, [2011-12-17T21:22:35.597000 #61351]  INFO -- :   Starting to Scrape
I, [2011-12-17T21:22:35.599000 #61351]  INFO -- :     Scraping with 1979-03-05
I, [2011-12-17T21:22:35.600000 #61351]  INFO -- :       about to build url
I, [2011-12-17T21:22:35.602000 #61351]  INFO -- :       fetch http://pqasb.pqarchiver.com/washingtonpost_historical/results.html?st=advanced&uid=&MAC=50a23aa1f3f5c6104e90e36051420d61&QryTxt=&sortby=CHRON&datetype=6&frommonth=3&fromday=5&fromyear=1979&tomonth=3&today=5&toyear=1979&By=&Title=&at_hist=article&at_hist=editorial_article
I, [2011-12-17T21:22:35.603000 #61351]  INFO -- :       from cache
I, [2011-12-17T21:22:35.604000 #61351]  INFO -- :       about to parse
I, [2011-12-17T21:22:35.865000 #61351]  INFO -- :     11 pages
I, [2011-12-17T21:22:35.866000 #61351]  INFO -- :     Page 0
I, [2011-12-17T21:22:35.866000 #61351]  INFO -- :       about to build url
I, [2011-12-17T21:22:35.868000 #61351]  INFO -- :       fetch http://pqasb.pqarchiver.com/washingtonpost_historical/results.html?st=advanced&uid=&MAC=50a23aa1f3f5c6104e90e36051420d61&QryTxt=&sortby=CHRON&datetype=6&frommonth=3&fromday=5&fromyear=1979&tomonth=3&today=5&toyear=1979&By=&Title=&at_hist=article&at_hist=editorial_article&start=0
I, [2011-12-17T21:22:35.869000 #61351]  INFO -- :       from cache
I, [2011-12-17T21:22:35.870000 #61351]  INFO -- :       about to parse
I, [2011-12-17T21:22:35.952000 #61351]  INFO -- :       Article http://pqasb.pqarchiver.com/washingtonpost_historical/access/135648052.html?FMT=ABS&FMTS=ABS:AI&type=historic&date=Mar+5%2C+1979&author=&pub=The+Washington+Post++(1974-Current+file)&edition=&startpage=A18&desc=Abuses+in+Equatorial+Guinea
I, [2011-12-17T21:22:35.953000 #61351]  INFO -- :       trying
I, [2011-12-17T21:22:35.953000 #61351]  INFO -- :       about to build url
I, [2011-12-17T21:22:35.954000 #61351]  INFO -- :       fetch http://pqasb.pqarchiver.com/washingtonpost_historical/access/135648052.html?FMT=ABS&FMTS=ABS:AI&type=historic&date=Mar+5%2C+1979&author=&pub=The+Washington+Post++(1974-Current+file)&edition=&startpage=A18&desc=Abuses+in+Equatorial+Guinea?
I, [2011-12-17T21:22:35.954000 #61351]  INFO -- :       from cache
I, [2011-12-17T21:22:35.955000 #61351]  INFO -- :       about to parse
I, [2011-12-17T21:22:35.981000 #61351]  INFO -- :       got it
I, [2011-12-17T21:22:36.466000 #61351]  INFO -- :       done
I, [2011-12-17T21:22:36.467000 #61351]  INFO -- :       Article http://pqasb.pqarchiver.com/washingtonpost_historical/access/135648132.html?FMT=ABS&FMTS=ABS:AI&type=historic&date=Mar+5%2C+1979&author=&pub=The+Washington+Post++(1974-Current+file)&edition=&startpage=A20&desc=A+Dubious+Remedy+for+FDA
I, [2011-12-17T21:22:36.467000 #61351]  INFO -- :       trying
I, [2011-12-17T21:22:36.468000 #61351]  INFO -- :       about to build url
I, [2011-12-17T21:22:36.468000 #61351]  INFO -- :       fetch http://pqasb.pqarchiver.com/washingtonpost_historical/access/135648132.html?FMT=ABS&FMTS=ABS:AI&type=historic&date=Mar+5%2C+1979&author=&pub=The+Washington+Post++(1974-Current+file)&edition=&startpage=A20&desc=A+Dubious+Remedy+for+FDA?
I, [2011-12-17T21:22:36.469000 #61351]  INFO -- :       from cache
I, [2011-12-17T21:22:36.470000 #61351]  INFO -- :       about to parse
I, [2011-12-17T21:22:36.492000 #61351]  INFO -- :       got it
